Webhook服务器正在监听端口 :80
接收到Webhook请求:
pair: BIGTIME/USDT:USDT
side: long

接收到Webhook请求:
pair: BIGTIME/USDT:USDT
side: long

接收到Webhook请求:
pair: BIGTIME/USDT:USDT
side: short

接收到Webhook请求:
pair: BIGTIME/USDT:USDT
side: long

接收到Webhook请求:
pair: BIGTIME/USDT:USDT
side: short

接收到Webhook请求:
pair: BIGTIME/USDT:USDT
side: long

接收到Webhook请求:
pair: BIGTIME/USDT:USDT
side: short

接收到Webhook请求:
pair: BIGTIME/USDT:USDT
side: long

接收到Webhook请求:
pair: BIGTIME/USDT:USDT
side: short

接收到Webhook请求:
pair: BIGTIME/USDT:USDT
side: long

接收到Webhook请求:
pair: BIGTIME/USDT:USDT
side: long

接收到Webhook请求:
pair: BIGTIME/USDT:USDT
side: short

接收到Webhook请求:
pair: BIGTIME/USDT:USDT
side: short

接收到Webhook请求:
pair: BIGTIME/USDT:USDT
side: long

接收到Webhook请求:
pair: BIGTIME/USDT:USDT
side: short

接收到Webhook请求:
pair: BIGTIME/USDT:USDT
side: short

